<?xml version="1.0" encoding="UTF-8"?>
<!-- Generated by org.testng.reporters.JUnitReportReporter -->
<testsuite skipped="0" hostname="DESKTOP-P82K65B" name="javastreamsfrom115.PS2" tests="1" failures="0" timestamp="2023-05-27T18:47:52 IST" time="0.020" errors="0">
  <testcase name="doThis" time="0.020" classname="javastreamsfrom115.PS2"/>
  <system-out/>
</testsuite> <!-- javastreamsfrom115.PS2 -->
