<?xml version="1.0" encoding="UTF-8"?>
<!-- Generated by org.testng.reporters.JUnitReportReporter -->
<testsuite skipped="0" hostname="DESKTOP-P82K65B" name="section30from238.Testng2" tests="2" failures="0" timestamp="2023-05-27T16:04:58 IST" time="0.020" errors="0">
  <testcase name="Demo2" time="0.011" classname="section30from238.Testng2"/>
  <system-out/>
  <testcase name="Demo2" time="0.009" classname="section30from238.Testng2"/>
  <system-out/>
</testsuite> <!-- section30from238.Testng2 -->
