<?xml version="1.0" encoding="UTF-8"?>
<!-- Generated by org.testng.reporters.JUnitReportReporter -->
<testsuite skipped="1" hostname="DESKTOP-P82K65B" name="section30from238.Testng3" tests="3" failures="0" timestamp="2023-05-27T16:04:58 IST" time="0.020" errors="0">
  <testcase name="WebLoginCarLoan" time="0.006" classname="section30from238.Testng3"/>
  <system-out/>
  <testcase name="ApiLoginCarLoan" time="0.014" classname="section30from238.Testng3"/>
  <system-out/>
  <testcase name="MobilesignoutCarloan" classname="section30from238.Testng3">
    <skipped/>
  </testcase> <!-- MobilesignoutCarloan -->
  <system-out/>
</testsuite> <!-- section30from238.Testng3 -->
