<?xml version="1.0" encoding="UTF-8"?>
<!-- Generated by org.testng.reporters.JUnitReportReporter -->
<testsuite skipped="0" hostname="DESKTOP-P82K65B" name="javastreamsfrom115.PS1" tests="1" failures="0" timestamp="2023-05-27T19:30:28 IST" time="0.013" errors="0">
  <testcase name="testRun" time="0.013" classname="javastreamsfrom115.PS1"/>
  <system-out/>
</testsuite> <!-- javastreamsfrom115.PS1 -->
