<?xml version="1.0" encoding="UTF-8"?>
<!-- Generated by org.testng.reporters.JUnitReportReporter -->
<testsuite skipped="0" hostname="DESKTOP-P82K65B" name="section30from238.Providerexcelpractise" tests="3" failures="0" timestamp="2023-05-24T12:29:14 IST" time="0.012" errors="0">
  <testcase name="testcase" time="0.002" classname="section30from238.Providerexcelpractise"/>
  <system-out/>
  <testcase name="testcase" time="0.008" classname="section30from238.Providerexcelpractise"/>
  <system-out/>
  <testcase name="testcase" time="0.002" classname="section30from238.Providerexcelpractise"/>
  <system-out/>
</testsuite> <!-- section30from238.Providerexcelpractise -->
