<?xml version="1.0" encoding="UTF-8"?>
<!-- Generated by org.testng.reporters.JUnitReportReporter -->
<testsuite skipped="0" hostname="DESKTOP-P82K65B" name="section30from238.Dataprovider" tests="3" failures="0" timestamp="2023-05-24T11:53:33 IST" time="0.032" errors="0">
  <testcase name="testCaseData" time="0.019" classname="section30from238.Dataprovider"/>
  <system-out/>
  <testcase name="testCaseData" time="0.011" classname="section30from238.Dataprovider"/>
  <system-out/>
  <testcase name="testCaseData" time="0.002" classname="section30from238.Dataprovider"/>
  <system-out/>
</testsuite> <!-- section30from238.Dataprovider -->
