<?xml version="1.0" encoding="UTF-8"?>
<!-- Generated by org.testng.reporters.JUnitReportReporter -->
<testsuite skipped="0" hostname="DESKTOP-P82K65B" name="section30from238.Testng4" tests="3" failures="0" timestamp="2023-05-27T16:04:58 IST" time="0.032" errors="0">
  <testcase name="ApiLoginHomeLoan" time="0.003" classname="section30from238.Testng4"/>
  <system-out/>
  <testcase name="MobileLoginHomeloan" time="0.010" classname="section30from238.Testng4"/>
  <system-out/>
  <testcase name="WebLoginHomeLoan" time="0.019" classname="section30from238.Testng4"/>
  <system-out/>
</testsuite> <!-- section30from238.Testng4 -->
